{"contracts/BarnBridgeToken.sol":{"l":{"19":18,"21":18,"23":18},"path":"/home/daniel/Development/github.com/barnbridge/barnbridge-token/contracts/BarnBridgeToken.sol","s":{"1":18,"2":18,"3":18},"b":{},"f":{"1":18},"fnMap":{"1":{"name":"constructor","line":17,"loc":{"start":{"line":10,"column":4},"end":{"line":28,"column":4}}}},"statementMap":{"1":{"start":{"line":19,"column":8},"end":{"line":19,"column":35}},"2":{"start":{"line":21,"column":8},"end":{"line":21,"column":56}},"3":{"start":{"line":23,"column":8},"end":{"line":23,"column":528}}},"branchMap":{}},"contracts/IFinance.sol":{"l":{},"path":"/home/daniel/Development/github.com/barnbridge/barnbridge-token/contracts/IFinance.sol","s":{},"b":{},"f":{},"fnMap":{},"statementMap":{},"branchMap":{}},"contracts/mocks/FinanceMock.sol":{"l":{"17":18,"18":18,"26":1},"path":"/home/daniel/Development/github.com/barnbridge/barnbridge-token/contracts/mocks/FinanceMock.sol","s":{"1":18,"2":18,"3":1},"b":{},"f":{"1":18,"2":1},"fnMap":{"1":{"name":"deposit","line":9,"loc":{"start":{"line":9,"column":4},"end":{"line":19,"column":4}}},"2":{"name":"depositCalled","line":21,"loc":{"start":{"line":21,"column":4},"end":{"line":27,"column":4}}}},"statementMap":{"1":{"start":{"line":17,"column":8},"end":{"line":17,"column":28}},"2":{"start":{"line":18,"column":8},"end":{"line":18,"column":14}},"3":{"start":{"line":26,"column":8},"end":{"line":26,"column":29}}},"branchMap":{}}}